# JRE version: Java(TM) SE Runtime Environment (8.0_91-b15) (build 1.8.0_91-b15)
# Java VM: Java HotSpot(TM) 64-Bit Server VM (25.91-b15 mixed mode windows-amd64 compressed oops)
Heap:
 PSYoungGen      total 144384K, used 103102K [0x00000000eab00000, 0x00000000fa600000, 0x0000000100000000)
  eden space 125440K, 70% used [0x00000000eab00000,0x00000000f0138478,0x00000000f2580000)
  from space 18944K, 78% used [0x00000000f2580000,0x00000000f33f7500,0x00000000f3800000)
  to   space 28160K, 0% used [0x00000000f8a80000,0x00000000f8a80000,0x00000000fa600000)
 ParOldGen       total 82432K, used 43768K [0x00000000c0000000, 0x00000000c5080000, 0x00000000eab00000)
  object space 82432K, 53% used [0x00000000c0000000,0x00000000c2abe3c8,0x00000000c5080000)
 Metaspace       used 6752K, capacity 7384K, committed 7680K, reserved 1056768K
  class space    used 637K, capacity 656K, committed 768K, reserved 1048576K
GC Heap History (10 events):
Event: 3.768 GC heap before
{Heap before GC invocations=6 (full 0):
 PSYoungGen      total 35328K, used 35309K [0x00000000eab00000, 0x00000000efb00000, 0x0000000100000000)
  eden space 32768K, 100% used [0x00000000eab00000,0x00000000ecb00000,0x00000000ecb00000)
  from space 2560K, 99% used [0x00000000ecb00000,0x00000000ecd7b5a0,0x00000000ecd80000)
  to   space 8192K, 0% used [0x00000000ef300000,0x00000000ef300000,0x00000000efb00000)
 ParOldGen       total 44032K, used 13928K [0x00000000c0000000, 0x00000000c2b00000, 0x00000000eab00000)
  object space 44032K, 31% used [0x00000000c0000000,0x00000000c0d9a2b0,0x00000000c2b00000)
 Metaspace       used 6205K, capacity 7090K, committed 7296K, reserved 1056768K
  class space    used 599K, capacity 618K, committed 640K, reserved 1048576K
Event: 3.792 GC heap after
Heap after GC invocations=6 (full 0):
 PSYoungGen      total 73216K, used 7119K [0x00000000eab00000, 0x00000000efc00000, 0x0000000100000000)
  eden space 65024K, 0% used [0x00000000eab00000,0x00000000eab00000,0x00000000eea80000)
  from space 8192K, 86% used [0x00000000ef300000,0x00000000ef9f3c50,0x00000000efb00000)
  to   space 8704K, 0% used [0x00000000eea80000,0x00000000eea80000,0x00000000ef300000)
 ParOldGen       total 44032K, used 13928K [0x00000000c0000000, 0x00000000c2b00000, 0x00000000eab00000)
  object space 44032K, 31% used [0x00000000c0000000,0x00000000c0d9a2b0,0x00000000c2b00000)
 Metaspace       used 6205K, capacity 7090K, committed 7296K, reserved 1056768K
  class space    used 599K, capacity 618K, committed 640K, reserved 1048576K
}
Event: 4.649 GC heap before
{Heap before GC invocations=7 (full 0):
 PSYoungGen      total 73216K, used 72143K [0x00000000eab00000, 0x00000000efc00000, 0x0000000100000000)
  eden space 65024K, 100% used [0x00000000eab00000,0x00000000eea80000,0x00000000eea80000)
  from space 8192K, 86% used [0x00000000ef300000,0x00000000ef9f3c50,0x00000000efb00000)
  to   space 8704K, 0% used [0x00000000eea80000,0x00000000eea80000,0x00000000ef300000)
 ParOldGen       total 44032K, used 13928K [0x00000000c0000000, 0x00000000c2b00000, 0x00000000eab00000)
  object space 44032K, 31% used [0x00000000c0000000,0x00000000c0d9a2b0,0x00000000c2b00000)
 Metaspace       used 6362K, capacity 7128K, committed 7424K, reserved 1056768K
  class space    used 619K, capacity 656K, committed 768K, reserved 1048576K
Event: 4.691 GC heap after
Heap after GC invocations=7 (full 0):
 PSYoungGen      total 73728K, used 8702K [0x00000000eab00000, 0x00000000f4600000, 0x0000000100000000)
  eden space 65024K, 0% used [0x00000000eab00000,0x00000000eab00000,0x00000000eea80000)
  from space 8704K, 99% used [0x00000000eea80000,0x00000000ef2ff8d8,0x00000000ef300000)
  to   space 14336K, 0% used [0x00000000f3800000,0x00000000f3800000,0x00000000f4600000)
 ParOldGen       total 44032K, used 22725K [0x00000000c0000000, 0x00000000c2b00000, 0x00000000eab00000)
  object space 44032K, 51% used [0x00000000c0000000,0x00000000c16317f8,0x00000000c2b00000)
 Metaspace       used 6362K, capacity 7128K, committed 7424K, reserved 1056768K
  class space    used 619K, capacity 656K, committed 768K, reserved 1048576K
}
Event: 5.729 GC heap before
{Heap before GC invocations=8 (full 0):
 PSYoungGen      total 73728K, used 73726K [0x00000000eab00000, 0x00000000f4600000, 0x0000000100000000)
  eden space 65024K, 100% used [0x00000000eab00000,0x00000000eea80000,0x00000000eea80000)
  from space 8704K, 99% used [0x00000000eea80000,0x00000000ef2ff8d8,0x00000000ef300000)
  to   space 14336K, 0% used [0x00000000f3800000,0x00000000f3800000,0x00000000f4600000)
 ParOldGen       total 44032K, used 22725K [0x00000000c0000000, 0x00000000c2b00000, 0x00000000eab00000)
  object space 44032K, 51% used [0x00000000c0000000,0x00000000c16317f8,0x00000000c2b00000)
 Metaspace       used 6434K, capacity 7192K, committed 7424K, reserved 1056768K
  class space    used 619K, capacity 656K, committed 768K, reserved 1048576K
Event: 5.806 GC heap after
Heap after GC invocations=8 (full 0):
 PSYoungGen      total 139776K, used 14306K [0x00000000eab00000, 0x00000000f4f00000, 0x0000000100000000)
  eden space 125440K, 0% used [0x00000000eab00000,0x00000000eab00000,0x00000000f2580000)
  from space 14336K, 99% used [0x00000000f3800000,0x00000000f45f8820,0x00000000f4600000)
  to   space 18944K, 0% used [0x00000000f2580000,0x00000000f2580000,0x00000000f3800000)
 ParOldGen       total 44032K, used 27502K [0x00000000c0000000, 0x00000000c2b00000, 0x00000000eab00000)
  object space 44032K, 62% used [0x00000000c0000000,0x00000000c1adbaf8,0x00000000c2b00000)
 Metaspace       used 6434K, capacity 7192K, committed 7424K, reserved 1056768K
  class space    used 619K, capacity 656K, committed 768K, reserved 1048576K
}
Event: 7.466 GC heap before
{Heap before GC invocations=9 (full 0):
 PSYoungGen      total 139776K, used 139746K [0x00000000eab00000, 0x00000000f4f00000, 0x0000000100000000)
  eden space 125440K, 100% used [0x00000000eab00000,0x00000000f2580000,0x00000000f2580000)
  from space 14336K, 99% used [0x00000000f3800000,0x00000000f45f8820,0x00000000f4600000)
  to   space 18944K, 0% used [0x00000000f2580000,0x00000000f2580000,0x00000000f3800000)
 ParOldGen       total 44032K, used 27502K [0x00000000c0000000, 0x00000000c2b00000, 0x00000000eab00000)
  object space 44032K, 62% used [0x00000000c0000000,0x00000000c1adbaf8,0x00000000c2b00000)
 Metaspace       used 6457K, capacity 7192K, committed 7424K, reserved 1056768K
  class space    used 620K, capacity 656K, committed 768K, reserved 1048576K
Event: 7.575 GC heap after
Heap after GC invocations=9 (full 0):
 PSYoungGen      total 144384K, used 18943K [0x00000000eab00000, 0x00000000fa600000, 0x0000000100000000)
  eden space 125440K, 0% used [0x00000000eab00000,0x00000000eab00000,0x00000000f2580000)
  from space 18944K, 99% used [0x00000000f2580000,0x00000000f37ffc78,0x00000000f3800000)
  to   space 28160K, 0% used [0x00000000f8a80000,0x00000000f8a80000,0x00000000fa600000)
 ParOldGen       total 44032K, used 42996K [0x00000000c0000000, 0x00000000c2b00000, 0x00000000eab00000)
  object space 44032K, 97% used [0x00000000c0000000,0x00000000c29fd190,0x00000000c2b00000)
 Metaspace       used 6457K, capacity 7192K, committed 7424K, reserved 1056768K
  class space    used 620K, capacity 656K, committed 768K, reserved 1048576K
}
Event: 7.576 GC heap before
{Heap before GC invocations=10 (full 1):
 PSYoungGen      total 144384K, used 18943K [0x00000000eab00000, 0x00000000fa600000, 0x0000000100000000)
  eden space 125440K, 0% used [0x00000000eab00000,0x00000000eab00000,0x00000000f2580000)
  from space 18944K, 99% used [0x00000000f2580000,0x00000000f37ffc78,0x00000000f3800000)
  to   space 28160K, 0% used [0x00000000f8a80000,0x00000000f8a80000,0x00000000fa600000)
 ParOldGen       total 44032K, used 42996K [0x00000000c0000000, 0x00000000c2b00000, 0x00000000eab00000)
  object space 44032K, 97% used [0x00000000c0000000,0x00000000c29fd190,0x00000000c2b00000)
 Metaspace       used 6457K, capacity 7192K, committed 7424K, reserved 1056768K
  class space    used 620K, capacity 656K, committed 768K, reserved 1048576K
Event: 8.159 GC heap after
Heap after GC invocations=10 (full 1):
 PSYoungGen      total 144384K, used 14813K [0x00000000eab00000, 0x00000000fa600000, 0x0000000100000000)
  eden space 125440K, 0% used [0x00000000eab00000,0x00000000eab00000,0x00000000f2580000)
  from space 18944K, 78% used [0x00000000f2580000,0x00000000f33f7500,0x00000000f3800000)
  to   space 28160K, 0% used [0x00000000f8a80000,0x00000000f8a80000,0x00000000fa600000)
 ParOldGen       total 82432K, used 43768K [0x00000000c0000000, 0x00000000c5080000, 0x00000000eab00000)
  object space 82432K, 53% used [0x00000000c0000000,0x00000000c2abe3c8,0x00000000c5080000)
 Metaspace       used 6457K, capacity 7192K, committed 7424K, reserved 1056768K
  class space    used 620K, capacity 656K, committed 768K, reserved 1048576K
}

